# JRE version: OpenJDK Runtime Environment (11.0.12+7) (build 11.0.12+7-b1504.28-7817840)
# Java VM: OpenJDK 64-Bit Server VM (11.0.12+7-b1504.28-7817840, mixed mode, tiered, compressed oops, g1 gc, windows-amd64)
Heap:
 garbage-first heap   total 354304K, used 82582K [0x0000000080000000, 0x0000000100000000)
  region size 1024K, 20 young (20480K), 20 survivors (20480K)
 Metaspace       used 84353K, capacity 86606K, committed 86828K, reserved 1124352K
  class space    used 11031K, capacity 11886K, committed 11904K, reserved 1048576K
GC Heap History (20 events):
Event: 1.391 GC heap after
{Heap after GC invocations=3 (full 0):
 garbage-first heap   total 294912K, used 12204K [0x0000000080000000, 0x0000000100000000)
  region size 1024K, 4 young (4096K), 4 survivors (4096K)
 Metaspace       used 10846K, capacity 11073K, committed 11264K, reserved 1058816K
  class space    used 1131K, capacity 1207K, committed 1280K, reserved 1048576K
}
Event: 3.146 GC heap before
{Heap before GC invocations=3 (full 0):
 garbage-first heap   total 294912K, used 61356K [0x0000000080000000, 0x0000000100000000)
  region size 1024K, 52 young (53248K), 4 survivors (4096K)
 Metaspace       used 18660K, capacity 19008K, committed 19328K, reserved 1067008K
  class space    used 2232K, capacity 2342K, committed 2432K, reserved 1048576K
}
Event: 3.153 GC heap after
{Heap after GC invocations=4 (full 0):
 garbage-first heap   total 294912K, used 16451K [0x0000000080000000, 0x0000000100000000)
  region size 1024K, 7 young (7168K), 7 survivors (7168K)
 Metaspace       used 18660K, capacity 19008K, committed 19328K, reserved 1067008K
  class space    used 2232K, capacity 2342K, committed 2432K, reserved 1048576K
}
Event: 3.386 GC heap before
{Heap before GC invocations=4 (full 0):
 garbage-first heap   total 294912K, used 35907K [0x0000000080000000, 0x0000000100000000)
  region size 1024K, 28 young (28672K), 7 survivors (7168K)
 Metaspace       used 20747K, capacity 21138K, committed 21248K, reserved 1067008K
  class space    used 2549K, capacity 2711K, committed 2816K, reserved 1048576K
}
Event: 3.395 GC heap after
{Heap after GC invocations=5 (full 0):
 garbage-first heap   total 294912K, used 17670K [0x0000000080000000, 0x0000000100000000)
  region size 1024K, 5 young (5120K), 5 survivors (5120K)
 Metaspace       used 20747K, capacity 21138K, committed 21248K, reserved 1067008K
  class space    used 2549K, capacity 2711K, committed 2816K, reserved 1048576K
}
Event: 4.147 GC heap before
{Heap before GC invocations=6 (full 0):
 garbage-first heap   total 294912K, used 72966K [0x0000000080000000, 0x0000000100000000)
  region size 1024K, 59 young (60416K), 5 survivors (5120K)
 Metaspace       used 26659K, capacity 27268K, committed 27520K, reserved 1073152K
  class space    used 3477K, capacity 3701K, committed 3712K, reserved 1048576K
}
Event: 4.155 GC heap after
{Heap after GC invocations=7 (full 0):
 garbage-first heap   total 294912K, used 19579K [0x0000000080000000, 0x0000000100000000)
  region size 1024K, 3 young (3072K), 3 survivors (3072K)
 Metaspace       used 26659K, capacity 27268K, committed 27520K, reserved 1073152K
  class space    used 3477K, capacity 3701K, committed 3712K, reserved 1048576K
}
Event: 5.173 GC heap before
{Heap before GC invocations=7 (full 0):
 garbage-first heap   total 294912K, used 75899K [0x0000000080000000, 0x0000000100000000)
  region size 1024K, 59 young (60416K), 3 survivors (3072K)
 Metaspace       used 34929K, capacity 35786K, committed 35840K, reserved 1081344K
  class space    used 4532K, capacity 4839K, committed 4864K, reserved 1048576K
}
Event: 5.187 GC heap after
{Heap after GC invocations=8 (full 0):
 garbage-first heap   total 294912K, used 22722K [0x0000000080000000, 0x0000000100000000)
  region size 1024K, 6 young (6144K), 6 survivors (6144K)
 Metaspace       used 34929K, capacity 35786K, committed 35840K, reserved 1081344K
  class space    used 4532K, capacity 4839K, committed 4864K, reserved 1048576K
}
Event: 6.599 GC heap before
{Heap before GC invocations=9 (full 0):
 garbage-first heap   total 294912K, used 111810K [0x0000000080000000, 0x0000000100000000)
  region size 1024K, 91 young (93184K), 6 survivors (6144K)
 Metaspace       used 42049K, capacity 43020K, committed 43264K, reserved 1087488K
  class space    used 5420K, capacity 5788K, committed 5888K, reserved 1048576K
}
Event: 6.615 GC heap after
{Heap after GC invocations=10 (full 0):
 garbage-first heap   total 294912K, used 28971K [0x0000000080000000, 0x0000000100000000)
  region size 1024K, 12 young (12288K), 12 survivors (12288K)
 Metaspace       used 42049K, capacity 43020K, committed 43264K, reserved 1087488K
  class space    used 5420K, capacity 5788K, committed 5888K, reserved 1048576K
}
Event: 8.583 GC heap before
{Heap before GC invocations=10 (full 0):
 garbage-first heap   total 294912K, used 152875K [0x0000000080000000, 0x0000000100000000)
  region size 1024K, 129 young (132096K), 12 survivors (12288K)
 Metaspace       used 49134K, capacity 50442K, committed 50560K, reserved 1093632K
  class space    used 6289K, capacity 6752K, committed 6784K, reserved 1048576K
}
Event: 8.604 GC heap after
{Heap after GC invocations=11 (full 0):
 garbage-first heap   total 294912K, used 43682K [0x0000000080000000, 0x0000000100000000)
  region size 1024K, 17 young (17408K), 17 survivors (17408K)
 Metaspace       used 49134K, capacity 50442K, committed 50560K, reserved 1093632K
  class space    used 6289K, capacity 6752K, committed 6784K, reserved 1048576K
}
Event: 9.713 GC heap before
{Heap before GC invocations=11 (full 0):
 garbage-first heap   total 294912K, used 108194K [0x0000000080000000, 0x0000000100000000)
  region size 1024K, 81 young (82944K), 17 survivors (17408K)
 Metaspace       used 58398K, capacity 59784K, committed 59948K, reserved 1101824K
  class space    used 7439K, capacity 7964K, committed 8064K, reserved 1048576K
}
Event: 9.735 GC heap after
{Heap after GC invocations=12 (full 0):
 garbage-first heap   total 294912K, used 46364K [0x0000000080000000, 0x0000000100000000)
  region size 1024K, 14 young (14336K), 14 survivors (14336K)
 Metaspace       used 58398K, capacity 59784K, committed 59948K, reserved 1101824K
  class space    used 7439K, capacity 7964K, committed 8064K, reserved 1048576K
}
Event: 11.711 GC heap before
{Heap before GC invocations=13 (full 0):
 garbage-first heap   total 294912K, used 182556K [0x0000000080000000, 0x0000000100000000)
  region size 1024K, 147 young (150528K), 14 survivors (14336K)
 Metaspace       used 67996K, capacity 69659K, committed 69676K, reserved 1110016K
  class space    used 8745K, capacity 9343K, committed 9344K, reserved 1048576K
}
Event: 11.758 GC heap after
{Heap after GC invocations=14 (full 0):
 garbage-first heap   total 294912K, used 56587K [0x0000000080000000, 0x0000000100000000)
  region size 1024K, 13 young (13312K), 13 survivors (13312K)
 Metaspace       used 67996K, capacity 69659K, committed 69676K, reserved 1110016K
  class space    used 8745K, capacity 9343K, committed 9344K, reserved 1048576K
}
Event: 14.380 GC heap before
{Heap before GC invocations=15 (full 0):
 garbage-first heap   total 294912K, used 203019K [0x0000000080000000, 0x0000000100000000)
  region size 1024K, 156 young (159744K), 13 survivors (13312K)
 Metaspace       used 79132K, capacity 81014K, committed 81196K, reserved 1120256K
  class space    used 10380K, capacity 11038K, committed 11136K, reserved 1048576K
}
Event: 14.415 GC heap after
{Heap after GC invocations=16 (full 0):
 garbage-first heap   total 294912K, used 66934K [0x0000000080000000, 0x0000000100000000)
  region size 1024K, 20 young (20480K), 20 survivors (20480K)
 Metaspace       used 79132K, capacity 81014K, committed 81196K, reserved 1120256K
  class space    used 10380K, capacity 11038K, committed 11136K, reserved 1048576K
}
Event: 18.427 GC heap before
{Heap before GC invocations=16 (full 0):
 garbage-first heap   total 294912K, used 211318K [0x0000000080000000, 0x0000000100000000)
  region size 1024K, 160 young (163840K), 20 survivors (20480K)
 Metaspace       used 84353K, capacity 86606K, committed 86828K, reserved 1124352K
  class space    used 11031K, capacity 11886K, committed 11904K, reserved 1048576K
}

