# JRE version: OpenJDK Runtime Environment (11.0.12+7) (build 11.0.12+7-b1504.28-7817840)
# Java VM: OpenJDK 64-Bit Server VM (11.0.12+7-b1504.28-7817840, mixed mode, tiered, compressed oops, g1 gc, windows-amd64)
Heap:
 garbage-first heap   total 354304K, used 46360K [0x0000000080000000, 0x0000000100000000)
  region size 1024K, 15 young (15360K), 14 survivors (14336K)
 Metaspace       used 58902K, capacity 60390K, committed 60544K, reserved 1101824K
  class space    used 7506K, capacity 8016K, committed 8064K, reserved 1048576K
GC Heap History (20 events):
Event: 0.545 GC heap before
{Heap before GC invocations=0 (full 0):
 garbage-first heap   total 294912K, used 20480K [0x0000000080000000, 0x0000000100000000)
  region size 1024K, 14 young (14336K), 0 survivors (0K)
 Metaspace       used 6736K, capacity 6925K, committed 7168K, reserved 1056768K
  class space    used 582K, capacity 650K, committed 768K, reserved 1048576K
}
Event: 0.561 GC heap after
{Heap after GC invocations=1 (full 0):
 garbage-first heap   total 294912K, used 7759K [0x0000000080000000, 0x0000000100000000)
  region size 1024K, 2 young (2048K), 2 survivors (2048K)
 Metaspace       used 6736K, capacity 6925K, committed 7168K, reserved 1056768K
  class space    used 582K, capacity 650K, committed 768K, reserved 1048576K
}
Event: 0.877 GC heap before
{Heap before GC invocations=1 (full 0):
 garbage-first heap   total 294912K, used 20047K [0x0000000080000000, 0x0000000100000000)
  region size 1024K, 14 young (14336K), 2 survivors (2048K)
 Metaspace       used 9875K, capacity 10118K, committed 10368K, reserved 1058816K
  class space    used 1028K, capacity 1102K, committed 1152K, reserved 1048576K
}
Event: 0.881 GC heap after
{Heap after GC invocations=2 (full 0):
 garbage-first heap   total 294912K, used 9410K [0x0000000080000000, 0x0000000100000000)
  region size 1024K, 2 young (2048K), 2 survivors (2048K)
 Metaspace       used 9875K, capacity 10118K, committed 10368K, reserved 1058816K
  class space    used 1028K, capacity 1102K, committed 1152K, reserved 1048576K
}
Event: 1.348 GC heap before
{Heap before GC invocations=2 (full 0):
 garbage-first heap   total 294912K, used 41154K [0x0000000080000000, 0x0000000100000000)
  region size 1024K, 32 young (32768K), 2 survivors (2048K)
 Metaspace       used 10879K, capacity 11073K, committed 11264K, reserved 1058816K
  class space    used 1131K, capacity 1207K, committed 1280K, reserved 1048576K
}
Event: 1.351 GC heap after
{Heap after GC invocations=3 (full 0):
 garbage-first heap   total 294912K, used 11574K [0x0000000080000000, 0x0000000100000000)
  region size 1024K, 4 young (4096K), 4 survivors (4096K)
 Metaspace       used 10879K, capacity 11073K, committed 11264K, reserved 1058816K
  class space    used 1131K, capacity 1207K, committed 1280K, reserved 1048576K
}
Event: 2.831 GC heap before
{Heap before GC invocations=3 (full 0):
 garbage-first heap   total 294912K, used 61750K [0x0000000080000000, 0x0000000100000000)
  region size 1024K, 53 young (54272K), 4 survivors (4096K)
 Metaspace       used 18786K, capacity 19171K, committed 19328K, reserved 1067008K
  class space    used 2265K, capacity 2375K, committed 2432K, reserved 1048576K
}
Event: 2.838 GC heap after
{Heap after GC invocations=4 (full 0):
 garbage-first heap   total 294912K, used 16889K [0x0000000080000000, 0x0000000100000000)
  region size 1024K, 7 young (7168K), 7 survivors (7168K)
 Metaspace       used 18786K, capacity 19171K, committed 19328K, reserved 1067008K
  class space    used 2265K, capacity 2375K, committed 2432K, reserved 1048576K
}
Event: 3.049 GC heap before
{Heap before GC invocations=4 (full 0):
 garbage-first heap   total 294912K, used 36345K [0x0000000080000000, 0x0000000100000000)
  region size 1024K, 27 young (27648K), 7 survivors (7168K)
 Metaspace       used 20736K, capacity 21138K, committed 21248K, reserved 1067008K
  class space    used 2554K, capacity 2711K, committed 2816K, reserved 1048576K
}
Event: 3.056 GC heap after
{Heap after GC invocations=5 (full 0):
 garbage-first heap   total 294912K, used 17562K [0x0000000080000000, 0x0000000100000000)
  region size 1024K, 5 young (5120K), 5 survivors (5120K)
 Metaspace       used 20736K, capacity 21138K, committed 21248K, reserved 1067008K
  class space    used 2554K, capacity 2711K, committed 2816K, reserved 1048576K
}
Event: 3.752 GC heap before
{Heap before GC invocations=6 (full 0):
 garbage-first heap   total 294912K, used 69786K [0x0000000080000000, 0x0000000100000000)
  region size 1024K, 56 young (57344K), 5 survivors (5120K)
 Metaspace       used 26218K, capacity 26764K, committed 27008K, reserved 1073152K
  class space    used 3403K, capacity 3592K, committed 3712K, reserved 1048576K
}
Event: 3.759 GC heap after
{Heap after GC invocations=7 (full 0):
 garbage-first heap   total 294912K, used 19616K [0x0000000080000000, 0x0000000100000000)
  region size 1024K, 3 young (3072K), 3 survivors (3072K)
 Metaspace       used 26218K, capacity 26764K, committed 27008K, reserved 1073152K
  class space    used 3403K, capacity 3592K, committed 3712K, reserved 1048576K
}
Event: 4.796 GC heap before
{Heap before GC invocations=7 (full 0):
 garbage-first heap   total 294912K, used 80032K [0x0000000080000000, 0x0000000100000000)
  region size 1024K, 63 young (64512K), 3 survivors (3072K)
 Metaspace       used 34920K, capacity 35786K, committed 35840K, reserved 1081344K
  class space    used 4532K, capacity 4839K, committed 4864K, reserved 1048576K
}
Event: 4.811 GC heap after
{Heap after GC invocations=8 (full 0):
 garbage-first heap   total 294912K, used 22468K [0x0000000080000000, 0x0000000100000000)
  region size 1024K, 6 young (6144K), 6 survivors (6144K)
 Metaspace       used 34920K, capacity 35786K, committed 35840K, reserved 1081344K
  class space    used 4532K, capacity 4839K, committed 4864K, reserved 1048576K
}
Event: 6.197 GC heap before
{Heap before GC invocations=9 (full 0):
 garbage-first heap   total 294912K, used 115652K [0x0000000080000000, 0x0000000100000000)
  region size 1024K, 95 young (97280K), 6 survivors (6144K)
 Metaspace       used 42545K, capacity 43503K, committed 43724K, reserved 1087488K
  class space    used 5506K, capacity 5864K, committed 5888K, reserved 1048576K
}
Event: 6.213 GC heap after
{Heap after GC invocations=10 (full 0):
 garbage-first heap   total 294912K, used 28887K [0x0000000080000000, 0x0000000100000000)
  region size 1024K, 12 young (12288K), 12 survivors (12288K)
 Metaspace       used 42545K, capacity 43503K, committed 43724K, reserved 1087488K
  class space    used 5506K, capacity 5864K, committed 5888K, reserved 1048576K
}
Event: 8.102 GC heap before
{Heap before GC invocations=10 (full 0):
 garbage-first heap   total 294912K, used 156887K [0x0000000080000000, 0x0000000100000000)
  region size 1024K, 132 young (135168K), 12 survivors (12288K)
 Metaspace       used 50060K, capacity 51420K, committed 51660K, reserved 1093632K
  class space    used 6407K, capacity 6885K, committed 6912K, reserved 1048576K
}
Event: 8.127 GC heap after
{Heap after GC invocations=11 (full 0):
 garbage-first heap   total 294912K, used 43658K [0x0000000080000000, 0x0000000100000000)
  region size 1024K, 17 young (17408K), 17 survivors (17408K)
 Metaspace       used 50060K, capacity 51420K, committed 51660K, reserved 1093632K
  class space    used 6407K, capacity 6885K, committed 6912K, reserved 1048576K
}
Event: 9.147 GC heap before
{Heap before GC invocations=11 (full 0):
 garbage-first heap   total 294912K, used 102026K [0x0000000080000000, 0x0000000100000000)
  region size 1024K, 75 young (76800K), 17 survivors (17408K)
 Metaspace       used 58706K, capacity 60189K, committed 60288K, reserved 1101824K
  class space    used 7483K, capacity 8014K, committed 8064K, reserved 1048576K
}
Event: 9.170 GC heap after
{Heap after GC invocations=12 (full 0):
 garbage-first heap   total 354304K, used 46360K [0x0000000080000000, 0x0000000100000000)
  region size 1024K, 14 young (14336K), 14 survivors (14336K)
 Metaspace       used 58706K, capacity 60189K, committed 60288K, reserved 1101824K
  class space    used 7483K, capacity 8014K, committed 8064K, reserved 1048576K
}

